<?xml version="1.0" encoding="UTF-8"?>
<!-- Generated by org.testng.reporters.JUnitReportReporter -->
<testsuite hostname="vm21AA4B4" failures="0" tests="1" name="Script1" time="68.316" errors="0" timestamp="24 Feb 2021 01:36:03 GMT">
  <testcase classname="Script1" name="Script1" time="68.316"/>
</testsuite> <!-- Script1 -->
