<?xml version="1.0" encoding="UTF-8"?>
<!-- Generated by org.testng.reporters.JUnitReportReporter -->
<testsuite hostname="vm21AA4B4" failures="0" tests="1" name="Script1" time="37.577" errors="0" timestamp="24 Feb 2021 01:52:21 GMT">
  <testcase classname="Script1" name="Script1" time="37.577"/>
</testsuite> <!-- Script1 -->
